<?xml version="1.0" encoding="UTF-8"?>
<!-- Generated by org.testng.reporters.JUnitReportReporter -->
<testsuite hostname="DESKTOP-B2FLU8A" failures="0" tests="1" name="package1.LaunchBrowser" time="7.518" errors="0" timestamp="2023-12-04T12:20:41 IST" skipped="0">
  <testcase classname="package1.LaunchBrowser" name="launch" time="7.518"/>
  <system-out/>
</testsuite> <!-- package1.LaunchBrowser -->
