<?xml version="1.0" encoding="UTF-8"?>
<!-- Generated by org.testng.reporters.JUnitReportReporter -->
<testsuite hostname="DESKTOP-B2FLU8A" failures="0" tests="1" name="package1.Class1Test" time="0.023" errors="0" timestamp="2023-12-04T11:32:31 IST" skipped="0">
  <testcase classname="package1.Class1Test" name="method1" time="0.023"/>
  <system-out/>
</testsuite> <!-- package1.Class1Test -->
